<?xml version="1.0" encoding="UTF-8"?>
<!-- Generated by org.testng.reporters.JUnitReportReporter -->
<testsuite skipped="0" hostname="DESKTOP-TM4S8S0" name="com.radicocrm.casesmodule.CaseTab" tests="1" failures="0" timestamp="2021-11-12T11:22:52 IST" time="13.280" errors="0">
  <testcase name="SigninPage" time="13.280" classname="com.radicocrm.casesmodule.CaseTab"/>
</testsuite> <!-- com.radicocrm.casesmodule.CaseTab -->
